#
# There is insufficient memory for the Java Runtime Environment to continue.
# Native memory allocation (mmap) failed to map 257949696 bytes for G1 virtual space
# Possible reasons:
#   The system is out of physical RAM or swap space
#   The process is running with CompressedOops enabled, and the Java Heap may be blocking the growth of the native heap
# Possible solutions:
#   Reduce memory load on the system
#   Increase physical memory or swap space
#   Check if swap backing store is full
#   Decrease Java heap size (-Xmx/-Xms)
#   Decrease number of Java threads
#   Decrease Java thread stack sizes (-Xss)
#   Set larger code cache with -XX:ReservedCodeCacheSize=
#   JVM is running with Zero Based Compressed Oops mode in which the Java heap is
#     placed in the first 32GB address space. The Java Heap base address is the
#     maximum limit for the native heap growth. Please use -XX:HeapBaseMinAddress
#     to set the Java Heap base and to place the Java Heap above 32GB virtual address.
# This output file may be truncated or incomplete.
#
#  Out of Memory Error (os_windows.cpp:3600), pid=81024, tid=81900
#
# JRE version:  (21.0.5+9) (build )
# Java VM: Java HotSpot(TM) 64-Bit Server VM (21.0.5+9-LTS-239, mixed mode, sharing, tiered, compressed oops, compressed class ptrs, g1 gc, windows-amd64)
# No core dump will be written. Minidumps are not enabled by default on client versions of Windows
#

---------------  S U M M A R Y ------------

Command Line: -Dfile.encoding=UTF-8 -Dstdout.encoding=UTF-8 -Dstderr.encoding=UTF-8 -XX:+ShowCodeDetailsInExceptionMessages dzL3

Host: AMD Ryzen 5 7535HS with Radeon Graphics        , 12 cores, 15G,  Windows 11 , 64 bit Build 26100 (10.0.26100.2454)
Time: Mon Dec  9 20:23:48 2024 Azerbaijan Standard Time elapsed time: 0.024928 seconds (0d 0h 0m 0s)

---------------  T H R E A D  ---------------

Current thread (0x0000023b13f494c0):  JavaThread "Unknown thread" [_thread_in_vm, id=81900, stack(0x0000004fb1c00000,0x0000004fb1d00000) (1024K)]

Stack: [0x0000004fb1c00000,0x0000004fb1d00000]
Native frames: (J=compiled Java code, j=interpreted, Vv=VM code, C=native code)
V  [jvm.dll+0x6ca289]
V  [jvm.dll+0x854a51]
V  [jvm.dll+0x856f7e]
V  [jvm.dll+0x857653]
V  [jvm.dll+0x27dd26]
V  [jvm.dll+0x6c6a25]
V  [jvm.dll+0x6bb5aa]
V  [jvm.dll+0x35359a]
V  [jvm.dll+0x35b1f6]
V  [jvm.dll+0x3adade]
V  [jvm.dll+0x3add88]
V  [jvm.dll+0x3278fc]
V  [jvm.dll+0x32845b]
V  [jvm.dll+0x81de19]
V  [jvm.dll+0x3ba7c1]
V  [jvm.dll+0x807168]
V  [jvm.dll+0x44f96e]
V  [jvm.dll+0x451561]
C  [jli.dll+0x52a3]
C  [ucrtbase.dll+0x14ea0]
C  [KERNEL32.DLL+0x2e8d7]
C  [ntdll.dll+0xdfbcc]


---------------  P R O C E S S  ---------------

Threads class SMR info:
_java_thread_list=0x00007ffc547bac08, length=0, elements={
}

Java Threads: ( => current thread )
Total: 0

Other Threads:
  0x0000023b13fa7ff0 WorkerThread "GC Thread#0"                     [id=81168, stack(0x0000004fb1d00000,0x0000004fb1e00000) (1024K)]
  0x0000023b13fb9b30 ConcurrentGCThread "G1 Main Marker"            [id=81116, stack(0x0000004fb1e00000,0x0000004fb1f00000) (1024K)]
  0x0000023b13fba630 WorkerThread "G1 Conc#0"                       [id=81148, stack(0x0000004fb1f00000,0x0000004fb2000000) (1024K)]

[error occurred during error reporting (printing all threads), id 0xc0000005, EXCEPTION_ACCESS_VIOLATION (0xc0000005) at pc=0x00007ffc53f2a087]
VM state: not at safepoint (not fully initialized)

VM Mutex/Monitor currently owned by a thread:  ([mutex/lock_event])
[0x00007ffc5482bf98] Heap_lock - owner thread: 0x0000023b13f494c0

Heap address: 0x000000070ac00000, size: 3924 MB, Compressed Oops mode: Zero based, Oop shift amount: 3

CDS archive(s) mapped at: [0x0000000000000000-0x0000000000000000-0x0000000000000000), size 0, SharedBaseAddress: 0x0000000800000000, ArchiveRelocationMode: 1.
Narrow klass base: 0x0000000000000000, Narrow klass shift: 0, Narrow klass range: 0x0

GC Precious Log:
 CardTable entry size: 512
 Card Set container configuration: InlinePtr #cards 4 size 8 Array Of Cards #cards 16 size 48 Howl #buckets 8 coarsen threshold 3686 Howl Bitmap #cards 512 size 80 coarsen threshold 460 Card regions per heap region 1 cards per card region 4096

Heap:
 garbage-first heap   total 0K, used 0K [0x000000070ac00000, 0x0000000800000000)
  region size 2048K, 0 young (0K), 0 survivors (0K)

[error occurred during error reporting (printing heap information), id 0xc0000005, EXCEPTION_ACCESS_VIOLATION (0xc0000005) at pc=0x00007ffc54313259]
GC Heap History (0 events):
No events

Dll operation events (1 events):
Event: 0.007 Loaded shared library C:\Program Files\Java\jdk-21\bin\java.dll

Deoptimization events (0 events):
No events

Classes loaded (0 events):
No events

Classes unloaded (0 events):
No events

Classes redefined (0 events):
No events

Internal exceptions (0 events):
No events

ZGC Phase Switch (0 events):
No events

VM Operations (0 events):
No events

Events (0 events):
No events


Dynamic libraries:
0x00007ff6b0460000 - 0x00007ff6b0470000 	C:\Program Files\Java\jdk-21\bin\javaw.exe
0x00007ffcff6c0000 - 0x00007ffcff923000 	C:\WINDOWS\SYSTEM32\ntdll.dll
0x00007ffcfddc0000 - 0x00007ffcfde88000 	C:\WINDOWS\System32\KERNEL32.DLL
0x00007ffcfccd0000 - 0x00007ffcfd082000 	C:\WINDOWS\System32\KERNELBASE.dll
0x00007ffcfcb50000 - 0x00007ffcfcc9b000 	C:\WINDOWS\System32\ucrtbase.dll
0x00007ffcf8ff0000 - 0x00007ffcf9009000 	C:\Program Files\Java\jdk-21\bin\jli.dll
0x00007ffcfeda0000 - 0x00007ffcfee54000 	C:\WINDOWS\System32\ADVAPI32.dll
0x00007ffcf4de0000 - 0x00007ffcf4dfb000 	C:\Program Files\Java\jdk-21\bin\VCRUNTIME140.dll
0x00007ffcfe460000 - 0x00007ffcfe509000 	C:\WINDOWS\System32\msvcrt.dll
0x00007ffcfef40000 - 0x00007ffcfefe6000 	C:\WINDOWS\System32\sechost.dll
0x00007ffcff390000 - 0x00007ffcff4a6000 	C:\WINDOWS\System32\RPCRT4.dll
0x00007ffcfeff0000 - 0x00007ffcff1b8000 	C:\WINDOWS\System32\USER32.dll
0x00007ffcfcca0000 - 0x00007ffcfccc7000 	C:\WINDOWS\System32\win32u.dll
0x00007ffce8d70000 - 0x00007ffce9000000 	C:\WINDOWS\WinSxS\amd64_microsoft.windows.common-controls_6595b64144ccf1df_6.0.26100.2454_none_3e0b68a2e331ad60\COMCTL32.dll
0x00007ffcff4e0000 - 0x00007ffcff50a000 	C:\WINDOWS\System32\GDI32.dll
0x00007ffcfd1e0000 - 0x00007ffcfd30b000 	C:\WINDOWS\System32\gdi32full.dll
0x00007ffcfd130000 - 0x00007ffcfd1d3000 	C:\WINDOWS\System32\msvcp_win.dll
0x00007ffcf6bf0000 - 0x00007ffcf6bfb000 	C:\WINDOWS\SYSTEM32\VERSION.dll
0x00007ffcfde90000 - 0x00007ffcfdebf000 	C:\WINDOWS\System32\IMM32.DLL
0x00007ffcf91b0000 - 0x00007ffcf91bc000 	C:\Program Files\Java\jdk-21\bin\vcruntime140_1.dll
0x00007ffcea810000 - 0x00007ffcea89e000 	C:\Program Files\Java\jdk-21\bin\msvcp140.dll
0x00007ffc53bf0000 - 0x00007ffc54908000 	C:\Program Files\Java\jdk-21\bin\server\jvm.dll
0x00007ffcff1c0000 - 0x00007ffcff234000 	C:\WINDOWS\System32\WS2_32.dll
0x00007ffcfc920000 - 0x00007ffcfc96e000 	C:\WINDOWS\SYSTEM32\POWRPROF.dll
0x00007ffceee50000 - 0x00007ffceee86000 	C:\WINDOWS\SYSTEM32\WINMM.dll
0x00007ffcfc900000 - 0x00007ffcfc914000 	C:\WINDOWS\SYSTEM32\UMPDC.dll
0x00007ffcfb8d0000 - 0x00007ffcfb8ea000 	C:\WINDOWS\SYSTEM32\kernel.appcore.dll
0x00007ffcf8f90000 - 0x00007ffcf8f9a000 	C:\Program Files\Java\jdk-21\bin\jimage.dll
0x00007ffcf5520000 - 0x00007ffcf5761000 	C:\WINDOWS\SYSTEM32\DBGHELP.DLL
0x00007ffcfe6e0000 - 0x00007ffcfea5e000 	C:\WINDOWS\System32\combase.dll
0x00007ffcfee60000 - 0x00007ffcfef36000 	C:\WINDOWS\System32\OLEAUT32.dll
0x00007ffce07a0000 - 0x00007ffce07d9000 	C:\WINDOWS\SYSTEM32\dbgcore.DLL
0x00007ffcfd090000 - 0x00007ffcfd129000 	C:\WINDOWS\System32\bcryptPrimitives.dll
0x00007ffcf8f70000 - 0x00007ffcf8f8f000 	C:\Program Files\Java\jdk-21\bin\java.dll

dbghelp: loaded successfully - version: 4.0.5 - missing functions: none
symbol engine: initialized successfully - sym options: 0x614 - pdb path: .;C:\Program Files\Java\jdk-21\bin;C:\WINDOWS\SYSTEM32;C:\WINDOWS\WinSxS\amd64_microsoft.windows.common-controls_6595b64144ccf1df_6.0.26100.2454_none_3e0b68a2e331ad60;C:\Program Files\Java\jdk-21\bin\server

VM Arguments:
jvm_args: -Dfile.encoding=UTF-8 -Dstdout.encoding=UTF-8 -Dstderr.encoding=UTF-8 -XX:+ShowCodeDetailsInExceptionMessages 
java_command: dzL3
java_class_path (initial): C:\Users\emilb\eclipse-workspace\EmilsProject\bin
Launcher Type: SUN_STANDARD

[Global flags]
     intx CICompilerCount                          = 4                                         {product} {ergonomic}
     uint ConcGCThreads                            = 3                                         {product} {ergonomic}
     uint G1ConcRefinementThreads                  = 10                                        {product} {ergonomic}
   size_t G1HeapRegionSize                         = 2097152                                   {product} {ergonomic}
    uintx GCDrainStackTargetSize                   = 64                                        {product} {ergonomic}
   size_t InitialHeapSize                          = 257949696                                 {product} {ergonomic}
   size_t MarkStackSize                            = 4194304                                   {product} {ergonomic}
   size_t MaxHeapSize                              = 4114612224                                {product} {ergonomic}
   size_t MinHeapDeltaBytes                        = 2097152                                   {product} {ergonomic}
   size_t MinHeapSize                              = 8388608                                   {product} {ergonomic}
    uintx NonNMethodCodeHeapSize                   = 5839372                                {pd product} {ergonomic}
    uintx NonProfiledCodeHeapSize                  = 122909434                              {pd product} {ergonomic}
    uintx ProfiledCodeHeapSize                     = 122909434                              {pd product} {ergonomic}
    uintx ReservedCodeCacheSize                    = 251658240                              {pd product} {ergonomic}
     bool SegmentedCodeCache                       = true                                      {product} {ergonomic}
     bool ShowCodeDetailsInExceptionMessages       = true                                   {manageable} {command line}
   size_t SoftMaxHeapSize                          = 4114612224                             {manageable} {ergonomic}
     bool UseCompressedOops                        = true                           {product lp64_product} {ergonomic}
     bool UseG1GC                                  = true                                      {product} {ergonomic}
     bool UseLargePagesIndividualAllocation        = false                                  {pd product} {ergonomic}

Logging:
Log output configuration:
 #0: stdout all=warning uptime,level,tags foldmultilines=false
 #1: stderr all=off uptime,level,tags foldmultilines=false

Environment Variables:
PATH=C:/Program Files/Java/jdk-21/bin/server;C:/Program Files/Java/jdk-21/bin;C:\Program Files\Common Files\Oracle\Java\javapath;C:\WINDOWS\system32;C:\WINDOWS;C:\WINDOWS\System32\Wbem;C:\WINDOWS\System32\WindowsPowerShell\v1.0\;C:\WINDOWS\System32\OpenSSH\;C:\Users\emilb\AppData\Local\Microsoft\WindowsApps;C:\Users\emilb\AppData\Local\Programs\Microsoft VS Code\bin;C:\Users\emilb\AppData\Local\GitHubDesktop\bin;C:\Users\emilb\OneDrive\Desktop;
USERNAME=emilb
OS=Windows_NT
PROCESSOR_IDENTIFIER=AMD64 Family 25 Model 68 Stepping 1, AuthenticAMD
TMP=C:\Users\emilb\AppData\Local\Temp
TEMP=C:\Users\emilb\AppData\Local\Temp




Periodic native trim disabled

---------------  S Y S T E M  ---------------

OS:
 Windows 11 , 64 bit Build 26100 (10.0.26100.2454)
OS uptime: 6 days 22:43 hours

CPU: total 12 (initial active 12) (12 cores per cpu, 2 threads per core) family 25 model 68 stepping 1 microcode 0xa404102, cx8, cmov, fxsr, ht, mmx, 3dnowpref, sse, sse2, sse3, ssse3, sse4a, sse4.1, sse4.2, popcnt, lzcnt, tsc, tscinvbit, avx, avx2, aes, erms, clmul, bmi1, bmi2, adx, sha, fma, vzeroupper, clflush, clflushopt, rdtscp, rdpid, fsrm, f16c, pku, cet_ss
Processor Information for processor 0
  Max Mhz: 3301, Current Mhz: 3301, Mhz Limit: 3301
Processor Information for processor 1
  Max Mhz: 3301, Current Mhz: 3301, Mhz Limit: 3301
Processor Information for processor 2
  Max Mhz: 3301, Current Mhz: 3301, Mhz Limit: 3301
Processor Information for processor 3
  Max Mhz: 3301, Current Mhz: 3301, Mhz Limit: 3301
Processor Information for processor 4
  Max Mhz: 3301, Current Mhz: 3301, Mhz Limit: 3301
Processor Information for processor 5
  Max Mhz: 3301, Current Mhz: 2635, Mhz Limit: 3301
Processor Information for processor 6
  Max Mhz: 3301, Current Mhz: 3301, Mhz Limit: 3301
Processor Information for processor 7
  Max Mhz: 3301, Current Mhz: 2635, Mhz Limit: 3301
Processor Information for processor 8
  Max Mhz: 3301, Current Mhz: 3301, Mhz Limit: 3301
Processor Information for processor 9
  Max Mhz: 3301, Current Mhz: 3301, Mhz Limit: 3301
Processor Information for processor 10
  Max Mhz: 3301, Current Mhz: 3301, Mhz Limit: 3301
Processor Information for processor 11
  Max Mhz: 3301, Current Mhz: 3301, Mhz Limit: 3301

Memory: 4k page, system-wide physical 15690M (3460M free)
TotalPageFile size 62794M (AvailPageFile size 63M)
current process WorkingSet (physical memory assigned to process): 12M, peak: 12M
current process commit charge ("private bytes"): 64M, peak: 310M

vm_info: Java HotSpot(TM) 64-Bit Server VM (21.0.5+9-LTS-239) for windows-amd64 JRE (21.0.5+9-LTS-239), built on 2024-09-30T05:17:38Z by "mach5one" with MS VC++ 17.6 (VS2022)

END.
